
> show-da-licao-modo-equipes@0.0.0 dist:win
> npm run build && electron-builder --win nsis


> show-da-licao-modo-equipes@0.0.0 build
> vite build

[36mvite v6.4.2 [32mbuilding for production...[36m[39m
transforming...
[32mŌ£ō[39m 31 modules transformed.
rendering chunks...
computing gzip size...
[2mdist/[22m[32mindex.html                 [39m[1m[2m  0.56 kB[22m[1m[22m[2m Ōöé gzip:  0.37 kB[22m
[2mdist/[22m[35massets/index-4nZy0fJc.css  [39m[1m[2m  0.11 kB[22m[1m[22m[2m Ōöé gzip:  0.12 kB[22m
[2mdist/[22m[36massets/index-BfZadD3t.js   [39m[1m[2m218.65 kB[22m[1m[22m[2m Ōöé gzip: 68.38 kB[22m
[32mŌ£ō built in 1.42s[39m
  ŌĆó electron-builder  version=26.8.1 os=10.0.26200
  ŌĆó loaded configuration  file=package.json ("build" field)
  ŌĆó description is missed in the package.json  appPackageFile=d:\Usu├Īrios\Railson Monteiro\├ürea de Trabalho\show-da-licao-main\package.json
  ŌĆó author is missed in the package.json  appPackageFile=d:\Usu├Īrios\Railson Monteiro\├ürea de Trabalho\show-da-licao-main\package.json
  ŌĆó executing @electron/rebuild  electronVersion=37.10.3 arch=x64 buildFromSource=false workspaceRoot=d:\Usu├Īrios\Railson Monteiro\├ürea de Trabalho\show-da-licao-main projectDir=./ appDir=./
  ŌĆó installing native dependencies  arch=x64
  ŌĆó completed installing native dependencies
  ŌĆó packaging       platform=win32 arch=x64 electron=37.10.3 appOutDir=release\win-unpacked
  ŌĆó downloading     url=https://github.com/electron/electron/releases/download/v37.10.3/electron-v37.10.3-win32-x64.zip size=134 MB parts=8
  ŌĆó downloaded      url=https://github.com/electron/electron/releases/download/v37.10.3/electron-v37.10.3-win32-x64.zip duration=4.924s
  ŌĆó searching for node modules  pm=npm searchDir=d:\Usu├Īrios\Railson Monteiro\├ürea de Trabalho\show-da-licao-main
(node:26392) [DEP0190] DeprecationWarning: Passing args to a child process with shell option true can lead to security vulnerabilities, as the arguments are not escaped, only concatenated.
(Use `node --trace-deprecation ...` to show where the warning was created)
  ŌĆó updating asar integrity executable resource  executablePath=release\win-unpacked\Show da Licao.exe
  ŌĆó default Electron icon is used  reason=application icon is not set
  ŌĆó downloading     url=https://github.com/electron-userland/electron-builder-binaries/releases/download/winCodeSign-2.6.0/winCodeSign-2.6.0.7z size=5.6 MB parts=1
  ŌĆó downloaded      url=https://github.com/electron-userland/electron-builder-binaries/releases/download/winCodeSign-2.6.0/winCodeSign-2.6.0.7z duration=627ms
  Ō©» cannot execute  cause=exit status 2
                    out=
    7-Zip (a) 21.07 (x64) : Copyright (c) 1999-2021 Igor Pavlov : 2021-12-26
    
    Scanning the drive for archives:
    1 file, 5635384 bytes (5504 KiB)
    
    Extracting archive: C:\Users\rails\AppData\Local\electron-builder\Cache\winCodeSign\129102023.7z
    --
    Path = C:\Users\rails\AppData\Local\electron-builder\Cache\winCodeSign\129102023.7z
    Type = 7z
    Physical Size = 5635384
    Headers Size = 1492
    Method = LZMA2:24m LZMA:20 BCJ2
    Solid = +
    Blocks = 2
    
    
    Sub items Errors: 2
    
    Archives with Errors: 1
    
    Sub items Errors: 2
    
                    errorOut=ERROR: Cannot create symbolic link : O cliente nŲo tem o privilégio necessĀrio. : C:\Users\rails\AppData\Local\electron-builder\Cache\winCodeSign\129102023\darwin\10.12\lib\libcrypto.dylib
    ERROR: Cannot create symbolic link : O cliente nŲo tem o privilégio necessĀrio. : C:\Users\rails\AppData\Local\electron-builder\Cache\winCodeSign\129102023\darwin\10.12\lib\libssl.dylib
    
                    command='d:\Usu├Īrios\Railson Monteiro\├ürea de Trabalho\show-da-licao-main\node_modules\7zip-bin\win\x64\7za.exe' x -snld -bd 'C:\Users\rails\AppData\Local\electron-builder\Cache\winCodeSign\129102023.7z' '-oC:\Users\rails\AppData\Local\electron-builder\Cache\winCodeSign\129102023'
                    workingDir=C:\Users\rails\AppData\Local\electron-builder\Cache\winCodeSign
  ŌĆó downloading     url=https://github.com/electron-userland/electron-builder-binaries/releases/download/winCodeSign-2.6.0/winCodeSign-2.6.0.7z size=5.6 MB parts=1
  ŌĆó downloaded      url=https://github.com/electron-userland/electron-builder-binaries/releases/download/winCodeSign-2.6.0/winCodeSign-2.6.0.7z duration=413ms
  Ō©» cannot execute  cause=exit status 2
                    out=
    7-Zip (a) 21.07 (x64) : Copyright (c) 1999-2021 Igor Pavlov : 2021-12-26
    
    Scanning the drive for archives:
    1 file, 5635384 bytes (5504 KiB)
    
    Extracting archive: C:\Users\rails\AppData\Local\electron-builder\Cache\winCodeSign\012258807.7z
    --
    Path = C:\Users\rails\AppData\Local\electron-builder\Cache\winCodeSign\012258807.7z
    Type = 7z
    Physical Size = 5635384
    Headers Size = 1492
    Method = LZMA2:24m LZMA:20 BCJ2
    Solid = +
    Blocks = 2
    
    
    Sub items Errors: 2
    
    Archives with Errors: 1
    
    Sub items Errors: 2
    
                    errorOut=ERROR: Cannot create symbolic link : O cliente nŲo tem o privilégio necessĀrio. : C:\Users\rails\AppData\Local\electron-builder\Cache\winCodeSign\012258807\darwin\10.12\lib\libcrypto.dylib
    ERROR: Cannot create symbolic link : O cliente nŲo tem o privilégio necessĀrio. : C:\Users\rails\AppData\Local\electron-builder\Cache\winCodeSign\012258807\darwin\10.12\lib\libssl.dylib
    
                    command='d:\Usu├Īrios\Railson Monteiro\├ürea de Trabalho\show-da-licao-main\node_modules\7zip-bin\win\x64\7za.exe' x -snld -bd 'C:\Users\rails\AppData\Local\electron-builder\Cache\winCodeSign\012258807.7z' '-oC:\Users\rails\AppData\Local\electron-builder\Cache\winCodeSign\012258807'
                    workingDir=C:\Users\rails\AppData\Local\electron-builder\Cache\winCodeSign
  ŌĆó downloading     url=https://github.com/electron-userland/electron-builder-binaries/releases/download/winCodeSign-2.6.0/winCodeSign-2.6.0.7z size=5.6 MB parts=1
  ŌĆó downloaded      url=https://github.com/electron-userland/electron-builder-binaries/releases/download/winCodeSign-2.6.0/winCodeSign-2.6.0.7z duration=422ms
  Ō©» cannot execute  cause=exit status 2
                    out=
    7-Zip (a) 21.07 (x64) : Copyright (c) 1999-2021 Igor Pavlov : 2021-12-26
    
    Scanning the drive for archives:
    1 file, 5635384 bytes (5504 KiB)
    
    Extracting archive: C:\Users\rails\AppData\Local\electron-builder\Cache\winCodeSign\750230427.7z
    --
    Path = C:\Users\rails\AppData\Local\electron-builder\Cache\winCodeSign\750230427.7z
    Type = 7z
    Physical Size = 5635384
    Headers Size = 1492
    Method = LZMA2:24m LZMA:20 BCJ2
    Solid = +
    Blocks = 2
    
    
    Sub items Errors: 2
    
    Archives with Errors: 1
    
    Sub items Errors: 2
    
                    errorOut=ERROR: Cannot create symbolic link : O cliente nŲo tem o privilégio necessĀrio. : C:\Users\rails\AppData\Local\electron-builder\Cache\winCodeSign\750230427\darwin\10.12\lib\libcrypto.dylib
    ERROR: Cannot create symbolic link : O cliente nŲo tem o privilégio necessĀrio. : C:\Users\rails\AppData\Local\electron-builder\Cache\winCodeSign\750230427\darwin\10.12\lib\libssl.dylib
    
                    command='d:\Usu├Īrios\Railson Monteiro\├ürea de Trabalho\show-da-licao-main\node_modules\7zip-bin\win\x64\7za.exe' x -snld -bd 'C:\Users\rails\AppData\Local\electron-builder\Cache\winCodeSign\750230427.7z' '-oC:\Users\rails\AppData\Local\electron-builder\Cache\winCodeSign\750230427'
                    workingDir=C:\Users\rails\AppData\Local\electron-builder\Cache\winCodeSign
  ŌĆó downloading     url=https://github.com/electron-userland/electron-builder-binaries/releases/download/winCodeSign-2.6.0/winCodeSign-2.6.0.7z size=5.6 MB parts=1
  ŌĆó downloaded      url=https://github.com/electron-userland/electron-builder-binaries/releases/download/winCodeSign-2.6.0/winCodeSign-2.6.0.7z duration=435ms
  Ō©» cannot execute  cause=exit status 2
                    out=
    7-Zip (a) 21.07 (x64) : Copyright (c) 1999-2021 Igor Pavlov : 2021-12-26
    
    Scanning the drive for archives:
    1 file, 5635384 bytes (5504 KiB)
    
    Extracting archive: C:\Users\rails\AppData\Local\electron-builder\Cache\winCodeSign\886943727.7z
    --
    Path = C:\Users\rails\AppData\Local\electron-builder\Cache\winCodeSign\886943727.7z
    Type = 7z
    Physical Size = 5635384
    Headers Size = 1492
    Method = LZMA2:24m LZMA:20 BCJ2
    Solid = +
    Blocks = 2
    
    
    Sub items Errors: 2
    
    Archives with Errors: 1
    
    Sub items Errors: 2
    
                    errorOut=ERROR: Cannot create symbolic link : O cliente nŲo tem o privilégio necessĀrio. : C:\Users\rails\AppData\Local\electron-builder\Cache\winCodeSign\886943727\darwin\10.12\lib\libcrypto.dylib
    ERROR: Cannot create symbolic link : O cliente nŲo tem o privilégio necessĀrio. : C:\Users\rails\AppData\Local\electron-builder\Cache\winCodeSign\886943727\darwin\10.12\lib\libssl.dylib
    
                    command='d:\Usu├Īrios\Railson Monteiro\├ürea de Trabalho\show-da-licao-main\node_modules\7zip-bin\win\x64\7za.exe' x -snld -bd 'C:\Users\rails\AppData\Local\electron-builder\Cache\winCodeSign\886943727.7z' '-oC:\Users\rails\AppData\Local\electron-builder\Cache\winCodeSign\886943727'
                    workingDir=C:\Users\rails\AppData\Local\electron-builder\Cache\winCodeSign
